2024-06-21 12:48:07,185 - INFO - Model setup:
2024-06-21 12:48:07,185 - INFO - Model type: tokens
2024-06-21 12:48:07,185 - INFO - Speed: deep-learn
2024-06-21 12:48:07,185 - INFO - Embedding model: universal-sentence-encoder
2024-06-21 12:48:41,377 - INFO - Model setup:
2024-06-21 12:48:41,378 - INFO - Model type: tokens
2024-06-21 12:48:41,378 - INFO - Speed: deep-learn
2024-06-21 12:48:41,378 - INFO - Embedding model: universal-sentence-encoder
2024-06-21 12:50:40,913 - INFO - Model setup:
2024-06-21 12:50:40,913 - INFO - Model type: tokens
2024-06-21 12:50:40,913 - INFO - Speed: deep-learn
2024-06-21 12:50:40,913 - INFO - Embedding model: universal-sentence-encoder
2024-06-21 12:50:45,838 - INFO - Data is loaded from /home/doosti@chapman.edu/projects/Facebook/top2vec/data/not_processed_text_2024-06-21.txt
2024-06-21 12:50:45,838 - INFO - Number of documents: 820099
2024-06-21 12:50:45,977 - INFO - Training the model...
2024-06-21 12:50:46,328 - INFO - Pre-processing documents for training
2024-06-21 12:51:46,417 - INFO - Downloading universal-sentence-encoder model
2024-06-21 12:51:46,417 - INFO - Using /tmp/tfhub_modules to cache modules.
2024-06-21 12:51:54,352 - INFO - Fingerprint not found. Saved model loading will continue.
2024-06-21 12:51:54,353 - INFO - Creating joint document/word embedding
2024-06-21 12:59:15,117 - INFO - Creating lower dimension embedding of documents
2024-06-21 13:21:19,161 - INFO - Finding dense areas of documents
2024-06-21 13:22:52,214 - INFO - Finding topics
2024-06-21 13:23:41,045 - INFO - Model is trained.
2024-06-21 13:24:16,001 - INFO - Model is saved.
