2024-06-20 23:27:57,323 - INFO - Model setup:
2024-06-20 23:27:57,324 - INFO - Model type: tokens
2024-06-20 23:27:57,324 - INFO - Speed: deep-learn
2024-06-20 23:27:57,324 - INFO - Embedding model: universal-sentence-encoder
2024-06-20 23:28:03,876 - INFO - Data is loaded from /home/doosti@chapman.edu/projects/Facebook/top2vec/data/processed_text_2024-06-20.txt
2024-06-20 23:28:03,877 - INFO - Number of documents: 820099
2024-06-20 23:28:04,874 - INFO - Training the model...
2024-06-20 23:31:28,472 - INFO - Model setup:
2024-06-20 23:31:28,473 - INFO - Model type: tokens
2024-06-20 23:31:28,473 - INFO - Speed: deep-learn
2024-06-20 23:31:28,473 - INFO - Embedding model: universal-sentence-encoder
2024-06-20 23:31:34,948 - INFO - Data is loaded from /home/doosti@chapman.edu/projects/Facebook/top2vec/data/processed_text_2024-06-20.txt
2024-06-20 23:31:34,948 - INFO - Number of documents: 820099
2024-06-20 23:31:35,935 - INFO - Training the model...
2024-06-20 23:31:36,244 - INFO - Pre-processing documents for training
2024-06-20 23:41:30,886 - INFO - Model setup:
2024-06-20 23:41:30,886 - INFO - Model type: tokens
2024-06-20 23:41:30,886 - INFO - Speed: deep-learn
2024-06-20 23:41:30,886 - INFO - Embedding model: universal-sentence-encoder
2024-06-20 23:41:37,276 - INFO - Data is loaded from /home/doosti@chapman.edu/projects/Facebook/top2vec/data/processed_text_2024-06-20.txt
2024-06-20 23:41:37,276 - INFO - Number of documents: 820099
2024-06-20 23:41:38,257 - INFO - Training the model...
2024-06-20 23:41:38,629 - INFO - Pre-processing documents for training
2024-06-20 23:42:19,773 - INFO - Downloading universal-sentence-encoder model
2024-06-20 23:42:19,774 - INFO - Using /tmp/tfhub_modules to cache modules.
2024-06-20 23:42:19,776 - INFO - Downloading TF-Hub Module 'https://tfhub.dev/google/universal-sentence-encoder/4'.
2024-06-20 23:42:32,176 - INFO - Downloaded https://tfhub.dev/google/universal-sentence-encoder/4, Total size: 987.47MB
2024-06-20 23:42:32,177 - INFO - Downloaded TF-Hub Module 'https://tfhub.dev/google/universal-sentence-encoder/4'.
2024-06-20 23:42:44,426 - INFO - Fingerprint not found. Saved model loading will continue.
2024-06-20 23:42:44,429 - INFO - Creating joint document/word embedding
2024-06-20 23:49:13,711 - INFO - Creating lower dimension embedding of documents
2024-06-21 00:04:50,824 - INFO - Finding dense areas of documents
2024-06-21 00:06:21,441 - INFO - Finding topics
2024-06-21 00:07:08,573 - INFO - Model is trained.
2024-06-21 00:07:42,186 - INFO - Model is saved.
